2020/05/13 16:11:02.530|ERROR|Internal Error no such element: Unable to locate element: {"method":"css selector","selector":"#uh\-search\-box"}
  (Session info: chrome=81.0.4044.138)|WebAT.Classes.Helpers|
2020/05/13 16:27:43.074|ERROR|Internal Error no such element: Unable to locate element: {"method":"css selector","selector":"#uh\-search\-box"}
  (Session info: chrome=81.0.4044.138)|WebAT.Classes.Helpers|
2020/05/13 16:40:00.494|ERROR|Perform task action failed - task id: 2, Action: {"action":"findElement","findBy":"id","value":"uh-search-box"} no such element: Unable to locate element: {"method":"css selector","selector":"#uh\-search\-box"}
  (Session info: chrome=81.0.4044.138)|WebAT.Classes.Helpers|
2020/05/13 16:40:04.938|ERROR|Internal Error A exception with a null response was thrown sending an HTTP request to the remote WebDriver server for URL http://localhost:63041/session//window. The status of the exception was UnknownError, and the message was: No connection could be made because the target machine actively refused it No connection could be made because the target machine actively refused it|WebAT.Classes.Helpers|
2020/05/13 16:44:43.190|ERROR|Perform task action failed - task id: 2, Action: {"action":"findElement","findBy":"id","value":"uh-search-box"} no such element: Unable to locate element: {"method":"css selector","selector":"#uh\-search\-box"}
  (Session info: chrome=81.0.4044.138)|WebAT.Classes.Helpers|
2020/05/13 16:44:47.607|ERROR|Internal Error A exception with a null response was thrown sending an HTTP request to the remote WebDriver server for URL http://localhost:63482/session//window. The status of the exception was UnknownError, and the message was: No connection could be made because the target machine actively refused it No connection could be made because the target machine actively refused it|WebAT.Classes.Helpers|
2020/05/13 16:46:45.037|ERROR|Perform task action failed - task id: 2, Action: {"action":"findElement","findBy":"id","value":"uh-search-box"} no such element: Unable to locate element: {"method":"css selector","selector":"#uh\-search\-box"}
  (Session info: chrome=81.0.4044.138)|WebAT.Classes.Helpers|
2020/05/13 16:46:49.274|ERROR|Internal Error A exception with a null response was thrown sending an HTTP request to the remote WebDriver server for URL http://localhost:63683/session//window. The status of the exception was UnknownError, and the message was: No connection could be made because the target machine actively refused it No connection could be made because the target machine actively refused it|WebAT.Classes.Helpers|
2020/05/13 16:50:24.615|ERROR|{"id":2,"name":"default","description":"Search keyword","browser":"chrome","url":"https://www.google.com/","quitBrowserAfter":true,"actions":[{"action":"findElement","findBy":"id","value":"uh-search-box"},{"action":"sendKeys","value":"Yahoo!","keys":"Enter"}]} no such element: Unable to locate element: {"method":"css selector","selector":"#uh\-search\-box"}
  (Session info: chrome=81.0.4044.138)|WebAT.Classes.Helpers|
2020/05/13 16:50:29.059|ERROR|Internal Error A exception with a null response was thrown sending an HTTP request to the remote WebDriver server for URL http://localhost:64047/session//window. The status of the exception was UnknownError, and the message was: No connection could be made because the target machine actively refused it No connection could be made because the target machine actively refused it|WebAT.Classes.Helpers|
2020/05/13 16:51:24.012|ERROR|{"id":2,"name":"default","description":"Search keyword","browser":"chrome","url":"https://www.google.com/","quitBrowserAfter":true,"actions":[{"action":"findElement","findBy":"id","value":"uh-search-box"},{"action":"sendKeys","value":"Yahoo!","keys":"Enter"}]} no such element: Unable to locate element: {"method":"css selector","selector":"#uh\-search\-box"}
  (Session info: chrome=81.0.4044.138)|WebAT.Classes.Helpers|
2020/05/13 16:52:19.159|ERROR|Internal Error A exception with a null response was thrown sending an HTTP request to the remote WebDriver server for URL http://localhost:64175/session//window. The status of the exception was UnknownError, and the message was: No connection could be made because the target machine actively refused it No connection could be made because the target machine actively refused it|WebAT.Classes.Helpers|
2020/05/13 16:52:40.166|ERROR|{"id":2,"name":"default","description":"Search keyword","browser":"chrome","url":"https://www.google.com/","quitBrowserAfter":true,"actions":[{"action":"findElement","findBy":"id","value":"uh-search-box"},{"action":"sendKeys","value":"Yahoo!","keys":"Enter"}]} no such element: Unable to locate element: {"method":"css selector","selector":"#uh\-search\-box"}
  (Session info: chrome=81.0.4044.138)|WebAT.Classes.Helpers|
2020/05/13 16:55:08.556|ERROR|{"id":2,"name":"default","description":"Search keyword","browser":"chrome","url":"https://www.google.com/","quitBrowserAfter":true,"actions":[{"action":"findElement","findBy":"id","value":"uh-search-box"},{"action":"sendKeys","value":"Yahoo!","keys":"Enter"}]} no such element: Unable to locate element: {"method":"css selector","selector":"#uh\-search\-box"}
  (Session info: chrome=81.0.4044.138)|WebAT.Classes.Helpers|
2020/05/13 16:55:49.422|ERROR|{"id":2,"name":"default","description":"Search keyword","browser":"chrome","url":"https://www.google.com/","quitBrowserAfter":true,"actions":[{"action":"findElement","findBy":"id","value":"uh-search-box"},{"action":"sendKeys","value":"Yahoo!","keys":"Enter"}]} no such element: Unable to locate element: {"method":"css selector","selector":"#uh\-search\-box"}
  (Session info: chrome=81.0.4044.138)|WebAT.Classes.Helpers|
2020/05/13 16:56:21.365|ERROR|{"id":2,"name":"default","description":"Search keyword","browser":"chrome","url":"https://www.google.com/","quitBrowserAfter":true,"actions":[{"action":"findElement","findBy":"id","value":"uh-search-box"},{"action":"sendKeys","value":"Yahoo!","keys":"Enter"}]} no such element: Unable to locate element: {"method":"css selector","selector":"#uh\-search\-box"}
  (Session info: chrome=81.0.4044.138)|WebAT.Classes.Helpers|
2020/08/14 10:30:54.385|ERROR|Internal Error session not created: This version of ChromeDriver only supports Chrome version 81 (SessionNotCreated)|WebAT.Classes.Helpers|
2020/08/14 10:32:39.451|ERROR|Internal Error session not created: This version of ChromeDriver only supports Chrome version 81 (SessionNotCreated)|WebAT.Classes.Helpers|
2020/08/14 10:36:35.876|ERROR|{"id":2,"name":"default","description":"Search keyword","browser":"chrome","url":"https://www.google.com/","quitBrowserAfter":true,"actions":[{"action":"findElement","findBy":"id","value":"uh-search-box","keys":""},{"action":"sendKeys","findBy":"","value":"Yahoo!","keys":"Enter"}]} no such element: Unable to locate element: {"method":"css selector","selector":"#uh\-search\-box"}
  (Session info: chrome=84.0.4147.125)|WebAT.Classes.Helpers|
