2020/05/13 16:07:01.952|INFO|Finished - 1 |WebAT.Classes.Helpers|
2020/05/13 16:07:08.650|INFO|Finished - 2 |WebAT.Classes.Helpers|
2020/05/13 16:11:00.364|INFO|Finished - 1 |WebAT.Classes.Helpers|
2020/05/13 16:11:29.017|INFO|Finished - 2 |WebAT.Classes.Helpers|
2020/05/13 16:27:43.074|INFO|Finished - 1 |WebAT.Classes.Helpers|
2020/05/13 16:27:50.240|INFO|Finished - 2 |WebAT.Classes.Helpers|
2020/05/13 16:40:00.507|INFO|Finished - 1 |WebAT.Classes.Helpers|
2020/05/13 16:44:45.100|INFO|Finished - {"id":1,"name":"default","description":"Search keyword","browser":"chrome","url":"https://www.google.com","quitBrowserAfter":true,"actions":[{"action":"findElement","findBy":"cssSelector","value":"input.gLFyf.gsfi"},{"action":"sendKeys","value":"Hi!","keys":"Enter"}]} |WebAT.Classes.Helpers|
2020/05/13 16:46:46.699|INFO|Finished - {"id":1,"name":"default","description":"Search keyword","browser":"chrome","url":"https://www.google.com","quitBrowserAfter":true,"actions":[{"action":"findElement","findBy":"cssSelector","value":"input.gLFyf.gsfi"},{"action":"sendKeys","value":"Hi!","keys":"Enter"}]}
2020/05/13 16:50:26.283|INFO|Finished - {"id":1,"name":"default","description":"Search keyword","browser":"chrome","url":"https://www.google.com","quitBrowserAfter":true,"actions":[{"action":"findElement","findBy":"cssSelector","value":"input.gLFyf.gsfi"},{"action":"sendKeys","value":"Hi!","keys":"Enter"}]}
2020/05/13 16:51:26.238|INFO|Finished - {"id":1,"name":"default","description":"Search keyword","browser":"chrome","url":"https://www.google.com","quitBrowserAfter":true,"actions":[{"action":"findElement","findBy":"cssSelector","value":"input.gLFyf.gsfi"},{"action":"sendKeys","value":"Hi!","keys":"Enter"}]}
2020/05/13 16:52:40.285|INFO|Finished - {"id":1,"name":"default","description":"Search keyword","browser":"chrome","url":"https://www.google.com","quitBrowserAfter":true,"actions":[{"action":"findElement","findBy":"cssSelector","value":"input.gLFyf.gsfi"},{"action":"sendKeys","value":"Hi!","keys":"Enter"}]}
2020/05/13 16:52:42.569|INFO|Finished - {"id":2,"name":"default","description":"Search keyword","browser":"chrome","url":"https://www.google.com/","quitBrowserAfter":true,"actions":[{"action":"findElement","findBy":"id","value":"uh-search-box"},{"action":"sendKeys","value":"Yahoo!","keys":"Enter"}]}
2020/05/13 16:55:08.556|INFO|Finished - {"id":1,"name":"default","description":"Search keyword","browser":"chrome","url":"https://www.google.com","quitBrowserAfter":true,"actions":[{"action":"findElement","findBy":"cssSelector","value":"input.gLFyf.gsfi"},{"action":"sendKeys","value":"Hi!","keys":"Enter"}]}
2020/05/13 16:55:10.941|INFO|Finished - {"id":2,"name":"default","description":"Search keyword","browser":"chrome","url":"https://www.google.com/","quitBrowserAfter":true,"actions":[{"action":"findElement","findBy":"id","value":"uh-search-box"},{"action":"sendKeys","value":"Yahoo!","keys":"Enter"}]}
2020/05/13 16:55:49.445|INFO|Finished - {"id":1,"name":"default","description":"Search keyword","browser":"chrome","url":"https://www.google.com","quitBrowserAfter":true,"actions":[{"action":"findElement","findBy":"cssSelector","value":"input.gLFyf.gsfi"},{"action":"sendKeys","value":"Hi!","keys":"Enter"}]}
2020/05/13 16:55:51.806|INFO|Finished - {"id":2,"name":"default","description":"Search keyword","browser":"chrome","url":"https://www.google.com/","quitBrowserAfter":true,"actions":[{"action":"findElement","findBy":"id","value":"uh-search-box"},{"action":"sendKeys","value":"Yahoo!","keys":"Enter"}]}
2020/05/13 16:56:21.523|INFO|Finished - {"id":1,"name":"default","description":"Search keyword","browser":"chrome","url":"https://www.google.com","quitBrowserAfter":true,"actions":[{"action":"findElement","findBy":"cssSelector","value":"input.gLFyf.gsfi"},{"action":"sendKeys","value":"Hi!","keys":"Enter"}]}
2020/05/13 16:56:23.758|INFO|Finished - {"id":2,"name":"default","description":"Search keyword","browser":"chrome","url":"https://www.google.com/","quitBrowserAfter":true,"actions":[{"action":"findElement","findBy":"id","value":"uh-search-box"},{"action":"sendKeys","value":"Yahoo!","keys":"Enter"}]}
2020/08/14 10:36:39.459|INFO|Finished - {"id":1,"name":"default","description":"Search keyword","browser":"chrome","url":"https://www.google.com","quitBrowserAfter":true,"actions":[{"action":"findElement","findBy":"cssSelector","value":"input.gLFyf.gsfi","keys":""},{"action":"sendKeys","findBy":"","value":"Hi!","keys":"Enter"}]}
2020/08/14 10:36:40.257|INFO|Finished - {"id":2,"name":"default","description":"Search keyword","browser":"chrome","url":"https://www.google.com/","quitBrowserAfter":true,"actions":[{"action":"findElement","findBy":"id","value":"uh-search-box","keys":""},{"action":"sendKeys","findBy":"","value":"Yahoo!","keys":"Enter"}]}
